Flow report for zxkeyboard
Mon Jan 13 23:12:27 2020
Quartus II Version 9.1 Build 350 03/24/2010 Service Pack 2 SJ Web Edition


---------------------
; Table of Contents ;
---------------------
  1. Legal Notice
  2. Flow Summary
  3. Flow Settings
  4. Flow Non-Default Global Settings
  5. Flow Elapsed Time
  6. Flow OS Summary
  7. Flow Log



----------------
; Legal Notice ;
----------------
Copyright (C) 1991-2010 Altera Corporation
Your use of Altera Corporation's design tools, logic functions 
and other software and tools, and its AMPP partner logic 
functions, and any output files from any of the foregoing 
(including device programming or simulation files), and any 
associated documentation or information are expressly subject 
to the terms and conditions of the Altera Program License 
Subscription Agreement, Altera MegaCore Function License 
Agreement, or other applicable license agreement, including, 
without limitation, that your use is for the sole purpose of 
programming logic devices manufactured by Altera and sold by 
Altera or its authorized distributors.  Please refer to the 
applicable agreement for further details.



+------------------------------------------------------------------------+
; Flow Summary                                                           ;
+-------------------------+----------------------------------------------+
; Flow Status             ; Successful - Mon Jan 13 23:12:27 2020        ;
; Quartus II Version      ; 9.1 Build 350 03/24/2010 SP 2 SJ Web Edition ;
; Revision Name           ; zxkeyboard                                   ;
; Top-level Entity Name   ; zxkeyboard                                   ;
; Family                  ; MAX7000S                                     ;
; Device                  ; EPM7128SLC84-15                              ;
; Timing Models           ; Final                                        ;
; Met timing requirements ; Yes                                          ;
; Total macrocells        ; 63 / 128 ( 49 % )                            ;
; Total pins              ; 41 / 68 ( 60 % )                             ;
+-------------------------+----------------------------------------------+


+-----------------------------------------+
; Flow Settings                           ;
+-------------------+---------------------+
; Option            ; Setting             ;
+-------------------+---------------------+
; Start date & time ; 01/13/2020 23:12:24 ;
; Main task         ; Compilation         ;
; Revision Name     ; zxkeyboard          ;
+-------------------+---------------------+


+-------------------------------------------------------------------------------------------------------------------------------------------------------+
; Flow Non-Default Global Settings                                                                                                                      ;
+------------------------------------+-------------------------------------------------------------------+---------------+-------------+----------------+
; Assignment Name                    ; Value                                                             ; Default Value ; Entity Name ; Section Id     ;
+------------------------------------+-------------------------------------------------------------------+---------------+-------------+----------------+
; COMPILER_SIGNATURE_ID              ; 272903318344614.157894634303384                                   ; --            ; --          ; --             ;
; FITTER_EFFORT                      ; Standard Fit                                                      ; Auto Fit      ; --          ; --             ;
; MAX7000_OPTIMIZATION_TECHNIQUE     ; Area                                                              ; Speed         ; --          ; --             ;
; MAX_CORE_JUNCTION_TEMP             ; 85                                                                ; --            ; --          ; --             ;
; MIN_CORE_JUNCTION_TEMP             ; 0                                                                 ; --            ; --          ; --             ;
; MISC_FILE                          ; c:/Work/zx-keyboard/alteraEPM7128SLC84/zxkeyboard.dpf             ; --            ; --          ; --             ;
; MISC_FILE                          ; C:/Work/zxkeyboardtape/variant1/alteraEPM7128SLC84/zxkeyboard.dpf ; --            ; --          ; --             ;
; OPTIMIZE_HOLD_TIMING               ; Off                                                               ; --            ; --          ; --             ;
; USE_GENERATED_PHYSICAL_CONSTRAINTS ; Off                                                               ; --            ; --          ; eda_blast_fpga ;
+------------------------------------+-------------------------------------------------------------------+---------------+-------------+----------------+


+-----------------------------------------------------------------------------------------------------------------------------+
; Flow Elapsed Time                                                                                                           ;
+-------------------------+--------------+-------------------------+---------------------+------------------------------------+
; Module Name             ; Elapsed Time ; Average Processors Used ; Peak Virtual Memory ; Total CPU Time (on all processors) ;
+-------------------------+--------------+-------------------------+---------------------+------------------------------------+
; Analysis & Synthesis    ; 00:00:01     ; 1.0                     ; 245 MB              ; 00:00:02                           ;
; Fitter                  ; 00:00:00     ; 1.0                     ; 184 MB              ; 00:00:00                           ;
; Assembler               ; 00:00:00     ; 1.0                     ; 188 MB              ; 00:00:00                           ;
; Classic Timing Analyzer ; 00:00:00     ; 1.0                     ; 159 MB              ; 00:00:00                           ;
; Total                   ; 00:00:01     ; --                      ; --                  ; 00:00:02                           ;
+-------------------------+--------------+-------------------------+---------------------+------------------------------------+


+------------------------------------------------------------------------------------------+
; Flow OS Summary                                                                          ;
+-------------------------+------------------+---------------+------------+----------------+
; Module Name             ; Machine Hostname ; OS Name       ; OS Version ; Processor type ;
+-------------------------+------------------+---------------+------------+----------------+
; Analysis & Synthesis    ; pca              ; Windows Vista ; 6.2        ; x86_64         ;
; Fitter                  ; pca              ; Windows Vista ; 6.2        ; x86_64         ;
; Assembler               ; pca              ; Windows Vista ; 6.2        ; x86_64         ;
; Classic Timing Analyzer ; pca              ; Windows Vista ; 6.2        ; x86_64         ;
+-------------------------+------------------+---------------+------------+----------------+


------------
; Flow Log ;
------------
quartus_map --read_settings_files=on --write_settings_files=off zxkeyboard -c zxkeyboard
quartus_fit --read_settings_files=off --write_settings_files=off zxkeyboard -c zxkeyboard
quartus_asm --read_settings_files=off --write_settings_files=off zxkeyboard -c zxkeyboard
quartus_tan --read_settings_files=off --write_settings_files=off zxkeyboard -c zxkeyboard



