Analysis & Synthesis report for zxkeyboard
Mon Jun 02 17:32:20 2025
Quartus II Version 9.1 Build 222 10/21/2009 SJ Full Version


---------------------
; Table of Contents ;
---------------------
  1. Legal Notice
  2. Analysis & Synthesis Summary
  3. Analysis & Synthesis Settings
  4. Parallel Compilation
  5. Analysis & Synthesis Source Files Read
  6. Analysis & Synthesis Resource Usage Summary
  7. Analysis & Synthesis Resource Utilization by Entity
  8. Source assignments for lpm_counter:count_rtl_0
  9. Parameter Settings for Inferred Entity Instance: lpm_counter:count_rtl_0
 10. Analysis & Synthesis Messages



----------------
; Legal Notice ;
----------------
Copyright (C) 1991-2009 Altera Corporation
Your use of Altera Corporation's design tools, logic functions 
and other software and tools, and its AMPP partner logic 
functions, and any output files from any of the foregoing 
(including device programming or simulation files), and any 
associated documentation or information are expressly subject 
to the terms and conditions of the Altera Program License 
Subscription Agreement, Altera MegaCore Function License 
Agreement, or other applicable license agreement, including, 
without limitation, that your use is for the sole purpose of 
programming logic devices manufactured by Altera and sold by 
Altera or its authorized distributors.  Please refer to the 
applicable agreement for further details.



+------------------------------------------------------------------------+
; Analysis & Synthesis Summary                                           ;
+-----------------------------+------------------------------------------+
; Analysis & Synthesis Status ; Successful - Mon Jun 02 17:32:20 2025    ;
; Quartus II Version          ; 9.1 Build 222 10/21/2009 SJ Full Version ;
; Revision Name               ; zxkeyboard                               ;
; Top-level Entity Name       ; zxkeyboard                               ;
; Family                      ; MAX7000S                                 ;
; Total macrocells            ; 65                                       ;
; Total pins                  ; 28                                       ;
+-----------------------------+------------------------------------------+


+--------------------------------------------------------------------------------------------------------------+
; Analysis & Synthesis Settings                                                                                ;
+----------------------------------------------------------------------------+-----------------+---------------+
; Option                                                                     ; Setting         ; Default Value ;
+----------------------------------------------------------------------------+-----------------+---------------+
; Device                                                                     ; EPM7128SLC84-15 ;               ;
; Top-level entity name                                                      ; zxkeyboard      ; zxkeyboard    ;
; Family name                                                                ; MAX7000S        ; Stratix II    ;
; Optimization Technique                                                     ; Area            ; Speed         ;
; Use Generated Physical Constraints File                                    ; Off             ;               ;
; Use smart compilation                                                      ; Off             ; Off           ;
; Enable parallel Assembler and TimeQuest Timing Analyzer during compilation ; On              ; On            ;
; Enable compact report table                                                ; Off             ; Off           ;
; Create Debugging Nodes for IP Cores                                        ; Off             ; Off           ;
; Preserve fewer node names                                                  ; On              ; On            ;
; Disable OpenCore Plus hardware evaluation                                  ; Off             ; Off           ;
; Verilog Version                                                            ; Verilog_2001    ; Verilog_2001  ;
; VHDL Version                                                               ; VHDL_1993       ; VHDL_1993     ;
; State Machine Processing                                                   ; Auto            ; Auto          ;
; Safe State Machine                                                         ; Off             ; Off           ;
; Extract Verilog State Machines                                             ; On              ; On            ;
; Extract VHDL State Machines                                                ; On              ; On            ;
; Ignore Verilog initial constructs                                          ; Off             ; Off           ;
; Iteration limit for constant Verilog loops                                 ; 5000            ; 5000          ;
; Iteration limit for non-constant Verilog loops                             ; 250             ; 250           ;
; Add Pass-Through Logic to Inferred RAMs                                    ; On              ; On            ;
; Parallel Synthesis                                                         ; On              ; On            ;
; NOT Gate Push-Back                                                         ; On              ; On            ;
; Power-Up Don't Care                                                        ; On              ; On            ;
; Remove Duplicate Registers                                                 ; On              ; On            ;
; Ignore CARRY Buffers                                                       ; Off             ; Off           ;
; Ignore CASCADE Buffers                                                     ; Off             ; Off           ;
; Ignore GLOBAL Buffers                                                      ; Off             ; Off           ;
; Ignore ROW GLOBAL Buffers                                                  ; Off             ; Off           ;
; Ignore LCELL Buffers                                                       ; Auto            ; Auto          ;
; Ignore SOFT Buffers                                                        ; Off             ; Off           ;
; Limit AHDL Integers to 32 Bits                                             ; Off             ; Off           ;
; Allow XOR Gate Usage                                                       ; On              ; On            ;
; Auto Logic Cell Insertion                                                  ; On              ; On            ;
; Parallel Expander Chain Length                                             ; 4               ; 4             ;
; Auto Parallel Expanders                                                    ; On              ; On            ;
; Auto Open-Drain Pins                                                       ; On              ; On            ;
; Auto Resource Sharing                                                      ; Off             ; Off           ;
; Maximum Fan-in Per Macrocell                                               ; 100             ; 100           ;
; Use LogicLock Constraints during Resource Balancing                        ; On              ; On            ;
; Ignore translate_off and synthesis_off directives                          ; Off             ; Off           ;
; Show Parameter Settings Tables in Synthesis Report                         ; On              ; On            ;
; HDL message level                                                          ; Level2          ; Level2        ;
; Suppress Register Optimization Related Messages                            ; Off             ; Off           ;
; Number of Removed Registers Reported in Synthesis Report                   ; 100             ; 100           ;
; Number of Inverted Registers Reported in Synthesis Report                  ; 100             ; 100           ;
; Block Design Naming                                                        ; Auto            ; Auto          ;
; Synthesis Effort                                                           ; Auto            ; Auto          ;
; Shift Register Replacement - Allow Asynchronous Clear Signal               ; On              ; On            ;
; Analysis & Synthesis Message Level                                         ; Medium          ; Medium        ;
; Disable Register Merging Across Hierarchies                                ; Auto            ; Auto          ;
+----------------------------------------------------------------------------+-----------------+---------------+


+------------------------------------------+
; Parallel Compilation                     ;
+----------------------------+-------------+
; Processors                 ; Number      ;
+----------------------------+-------------+
; Number detected on machine ; 8           ;
; Maximum allowed            ; 8           ;
;                            ;             ;
; Average used               ; 1.00        ;
; Maximum used               ; 1           ;
;                            ;             ;
; Usage by Processor         ; % Time Used ;
;     1 processor            ; 100.0%      ;
;     2-8 processors         ;   0.0%      ;
+----------------------------+-------------+


+-------------------------------------------------------------------------------------------------------------------------------------+
; Analysis & Synthesis Source Files Read                                                                                              ;
+----------------------------------+-----------------+-----------------+--------------------------------------------------------------+
; File Name with User-Entered Path ; Used in Netlist ; File Type       ; File Name with Absolute Path                                 ;
+----------------------------------+-----------------+-----------------+--------------------------------------------------------------+
; zxkeyboard.vhdl                  ; yes             ; User VHDL File  ; C:/Work/zx-keyboard/alteraEPM7128SLC84/zxkeyboard.vhdl       ;
; lpm_counter.tdf                  ; yes             ; Megafunction    ; c:/altera/91/quartus/libraries/megafunctions/lpm_counter.tdf ;
+----------------------------------+-----------------+-----------------+--------------------------------------------------------------+


+---------------------------------------------+
; Analysis & Synthesis Resource Usage Summary ;
+----------------------+----------------------+
; Resource             ; Usage                ;
+----------------------+----------------------+
; Logic cells          ; 65                   ;
; Total registers      ; 49                   ;
; I/O pins             ; 28                   ;
; Shareable expanders  ; 3                    ;
; Maximum fan-out node ; STROBE               ;
; Maximum fan-out      ; 49                   ;
; Total fan-out        ; 562                  ;
; Average fan-out      ; 5.85                 ;
+----------------------+----------------------+


+-------------------------------------------------------------------------------------------------------+
; Analysis & Synthesis Resource Utilization by Entity                                                   ;
+------------------------------+------------+------+-------------------------------------+--------------+
; Compilation Hierarchy Node   ; Macrocells ; Pins ; Full Hierarchy Name                 ; Library Name ;
+------------------------------+------------+------+-------------------------------------+--------------+
; |zxkeyboard                  ; 65         ; 28   ; |zxkeyboard                         ; work         ;
;    |lpm_counter:count_rtl_0| ; 6          ; 0    ; |zxkeyboard|lpm_counter:count_rtl_0 ; work         ;
+------------------------------+------------+------+-------------------------------------+--------------+


+------------------------------------------------+
; Source assignments for lpm_counter:count_rtl_0 ;
+---------------------------+-------+------+-----+
; Assignment                ; Value ; From ; To  ;
+---------------------------+-------+------+-----+
; SUPPRESS_DA_RULE_INTERNAL ; a101  ; -    ; -   ;
; SUPPRESS_DA_RULE_INTERNAL ; s102  ; -    ; -   ;
; SUPPRESS_DA_RULE_INTERNAL ; s103  ; -    ; -   ;
+---------------------------+-------+------+-----+


+--------------------------------------------------------------------------+
; Parameter Settings for Inferred Entity Instance: lpm_counter:count_rtl_0 ;
+------------------------+-------------------+-----------------------------+
; Parameter Name         ; Value             ; Type                        ;
+------------------------+-------------------+-----------------------------+
; AUTO_CARRY_CHAINS      ; ON                ; AUTO_CARRY                  ;
; IGNORE_CARRY_BUFFERS   ; OFF               ; IGNORE_CARRY                ;
; AUTO_CASCADE_CHAINS    ; ON                ; AUTO_CASCADE                ;
; IGNORE_CASCADE_BUFFERS ; OFF               ; IGNORE_CASCADE              ;
; LPM_WIDTH              ; 32                ; Untyped                     ;
; LPM_DIRECTION          ; UP                ; Untyped                     ;
; LPM_MODULUS            ; 0                 ; Untyped                     ;
; LPM_AVALUE             ; UNUSED            ; Untyped                     ;
; LPM_SVALUE             ; UNUSED            ; Untyped                     ;
; LPM_PORT_UPDOWN        ; PORT_CONNECTIVITY ; Untyped                     ;
; DEVICE_FAMILY          ; MAX7000S          ; Untyped                     ;
; CARRY_CHAIN            ; MANUAL            ; Untyped                     ;
; CARRY_CHAIN_LENGTH     ; 48                ; CARRY_CHAIN_LENGTH          ;
; NOT_GATE_PUSH_BACK     ; ON                ; NOT_GATE_PUSH_BACK          ;
; CARRY_CNT_EN           ; SMART             ; Untyped                     ;
; LABWIDE_SCLR           ; ON                ; Untyped                     ;
; USE_NEW_VERSION        ; TRUE              ; Untyped                     ;
; CBXI_PARAMETER         ; NOTHING           ; Untyped                     ;
+------------------------+-------------------+-----------------------------+
Note: In order to hide this table in the UI and the text report file, please set the "Show Parameter Settings Tables in Synthesis Report" option in "Analysis and Synthesis Settings -> More Settings" to "Off".


+-------------------------------+
; Analysis & Synthesis Messages ;
+-------------------------------+
Info: *******************************************************************
Info: Running Quartus II Analysis & Synthesis
    Info: Version 9.1 Build 222 10/21/2009 SJ Full Version
    Info: Processing started: Mon Jun 02 17:32:19 2025
Info: Command: quartus_map --read_settings_files=on --write_settings_files=off zxkeyboard -c zxkeyboard
Info: Parallel compilation is enabled and will use 8 of the 8 processors detected
Info: Found 2 design units, including 1 entities, in source file zxkeyboard.vhdl
    Info: Found design unit 1: zxkeyboard-RTL
    Info: Found entity 1: zxkeyboard
Info: Elaborating entity "zxkeyboard" for the top level hierarchy
Info: Inferred 1 megafunctions from design logic
    Info: Inferred lpm_counter megafunction (LPM_WIDTH=32) from the following logic: "count[0]~0"
Info: Elaborated megafunction instantiation "lpm_counter:count_rtl_0"
Info: Instantiated megafunction "lpm_counter:count_rtl_0" with the following parameter:
    Info: Parameter "LPM_WIDTH" = "32"
    Info: Parameter "LPM_DIRECTION" = "UP"
    Info: Parameter "LPM_TYPE" = "LPM_COUNTER"
Warning: Design contains 7 input pin(s) that do not drive logic
    Warning (15610): No output dependent on input pin "DAT1"
    Warning (15610): No output dependent on input pin "DAT2"
    Warning (15610): No output dependent on input pin "DAT3"
    Warning (15610): No output dependent on input pin "DAT4"
    Warning (15610): No output dependent on input pin "DAT5"
    Warning (15610): No output dependent on input pin "DAT6"
    Warning (15610): No output dependent on input pin "REFOCLK"
Info: Implemented 96 device resources after synthesis - the final resource count might be different
    Info: Implemented 19 input pins
    Info: Implemented 8 output pins
    Info: Implemented 1 bidirectional pins
    Info: Implemented 65 macrocells
    Info: Implemented 3 shareable expanders
Info: Quartus II Analysis & Synthesis was successful. 0 errors, 8 warnings
    Info: Peak virtual memory: 238 megabytes
    Info: Processing ended: Mon Jun 02 17:32:20 2025
    Info: Elapsed time: 00:00:01
    Info: Total CPU time (on all processors): 00:00:01


